<?xml version="1.0" encoding="UTF-8"?>
<coverage generated="1645187602909" clover="3.2.0">
  <project timestamp="1645187602909" name="All files">
    <metrics statements="13" coveredstatements="13" conditionals="9" coveredconditionals="9" methods="9" coveredmethods="9" elements="31" coveredelements="31" complexity="0" loc="13" ncloc="13" packages="1" files="4" classes="4"/>
    <file name="task1.js" path="D:\Documents\backtofayton\microverse\module2\practice-jest\task1.js">
      <metrics statements="3" coveredstatements="3" conditionals="5" coveredconditionals="5" methods="1" coveredmethods="1"/>
      <line num="2" count="2" type="stmt"/>
      <line num="3" count="2" type="cond" truecount="4" falsecount="0"/>
      <line num="4" count="1" type="stmt"/>
    </file>
    <file name="task2.js" path="D:\Documents\backtofayton\microverse\module2\practice-jest\task2.js">
      <metrics statements="1" coveredstatements="1" conditionals="0" coveredconditionals="0" methods="1" coveredmethods="1"/>
      <line num="2" count="1" type="stmt"/>
    </file>
    <file name="task3.js" path="D:\Documents\backtofayton\microverse\module2\practice-jest\task3.js">
      <metrics statements="6" coveredstatements="6" conditionals="0" coveredconditionals="0" methods="5" coveredmethods="5"/>
      <line num="3" count="12" type="stmt"/>
      <line num="4" count="12" type="stmt"/>
      <line num="7" count="3" type="stmt"/>
      <line num="10" count="3" type="stmt"/>
      <line num="13" count="3" type="stmt"/>
      <line num="16" count="3" type="stmt"/>
    </file>
    <file name="task4.js" path="D:\Documents\backtofayton\microverse\module2\practice-jest\task4.js">
      <metrics statements="3" coveredstatements="3" conditionals="4" coveredconditionals="4" methods="2" coveredmethods="2"/>
      <line num="2" count="2" type="cond" truecount="2" falsecount="0"/>
      <line num="3" count="1" type="stmt"/>
      <line num="5" count="4" type="cond" truecount="2" falsecount="0"/>
    </file>
  </project>
</coverage>
