{"D:\\Documents\\backtofayton\\microverse\\module2\\practice-jest\\task1.js": {"path":"D:\\Documents\\backtofayton\\microverse\\module2\\practice-jest\\task1.js","statementMap":{"0":{"start":{"line":2,"column":25},"end":{"line":2,"column":35}},"1":{"start":{"line":3,"column":4},"end":{"line":3,"column":115}},"2":{"start":{"line":3,"column":49},"end":{"line":3,"column":113}},"3":{"start":{"line":4,"column":4},"end":{"line":4,"column":23}}},"fnMap":{"0":{"name":"stringLength","decl":{"start":{"line":1,"column":16},"end":{"line":1,"column":28}},"loc":{"start":{"line":1,"column":39},"end":{"line":5,"column":1}},"line":1}},"branchMap":{"0":{"loc":{"start":{"line":1,"column":29},"end":{"line":1,"column":37}},"type":"default-arg","locations":[{"start":{"line":1,"column":35},"end":{"line":1,"column":37}}],"line":1},"1":{"loc":{"start":{"line":3,"column":4},"end":{"line":3,"column":115}},"type":"if","locations":[{"start":{"line":3,"column":4},"end":{"line":3,"column":115}},{"start":{},"end":{}}],"line":3},"2":{"loc":{"start":{"line":3,"column":8},"end":{"line":3,"column":45}},"type":"binary-expr","locations":[{"start":{"line":3,"column":8},"end":{"line":3,"column":24}},{"start":{"line":3,"column":28},"end":{"line":3,"column":45}}],"line":3}},"s":{"0":2,"1":2,"2":1,"3":1},"f":{"0":2},"b":{"0":[1],"1":[1,1],"2":[2,1]},"_coverageSchema":"1a1c01bbd47fc00a2c39e90264f33305004495a9","hash":"ed1ae2157858df81d2ec506699a705899898aed4"}
,"D:\\Documents\\backtofayton\\microverse\\module2\\practice-jest\\task2.js": {"path":"D:\\Documents\\backtofayton\\microverse\\module2\\practice-jest\\task2.js","statementMap":{"0":{"start":{"line":2,"column":4},"end":{"line":2,"column":43}}},"fnMap":{"0":{"name":"reverseString","decl":{"start":{"line":1,"column":16},"end":{"line":1,"column":29}},"loc":{"start":{"line":1,"column":35},"end":{"line":3,"column":1}},"line":1}},"branchMap":{},"s":{"0":1},"f":{"0":1},"b":{},"_coverageSchema":"1a1c01bbd47fc00a2c39e90264f33305004495a9","hash":"4fe3286499091ea87b0302ba7bce9e9082b5341c"}
,"D:\\Documents\\backtofayton\\microverse\\module2\\practice-jest\\task3.js": {"path":"D:\\Documents\\backtofayton\\microverse\\module2\\practice-jest\\task3.js","statementMap":{"0":{"start":{"line":3,"column":8},"end":{"line":3,"column":19}},"1":{"start":{"line":4,"column":8},"end":{"line":4,"column":19}},"2":{"start":{"line":7,"column":8},"end":{"line":7,"column":30}},"3":{"start":{"line":10,"column":8},"end":{"line":10,"column":30}},"4":{"start":{"line":13,"column":8},"end":{"line":13,"column":30}},"5":{"start":{"line":16,"column":8},"end":{"line":16,"column":30}}},"fnMap":{"0":{"name":"(anonymous_0)","decl":{"start":{"line":2,"column":4},"end":{"line":2,"column":5}},"loc":{"start":{"line":2,"column":22},"end":{"line":5,"column":5}},"line":2},"1":{"name":"(anonymous_1)","decl":{"start":{"line":6,"column":4},"end":{"line":6,"column":5}},"loc":{"start":{"line":6,"column":10},"end":{"line":8,"column":5}},"line":6},"2":{"name":"(anonymous_2)","decl":{"start":{"line":9,"column":4},"end":{"line":9,"column":5}},"loc":{"start":{"line":9,"column":16},"end":{"line":11,"column":5}},"line":9},"3":{"name":"(anonymous_3)","decl":{"start":{"line":12,"column":4},"end":{"line":12,"column":5}},"loc":{"start":{"line":12,"column":13},"end":{"line":14,"column":5}},"line":12},"4":{"name":"(anonymous_4)","decl":{"start":{"line":15,"column":4},"end":{"line":15,"column":5}},"loc":{"start":{"line":15,"column":15},"end":{"line":17,"column":5}},"line":15}},"branchMap":{},"s":{"0":12,"1":12,"2":3,"3":3,"4":3,"5":3},"f":{"0":12,"1":3,"2":3,"3":3,"4":3},"b":{},"_coverageSchema":"1a1c01bbd47fc00a2c39e90264f33305004495a9","hash":"4bd7ce1af63ebef387b5f3a771b0b38ed7ff80bf"}
,"D:\\Documents\\backtofayton\\microverse\\module2\\practice-jest\\task4.js": {"path":"D:\\Documents\\backtofayton\\microverse\\module2\\practice-jest\\task4.js","statementMap":{"0":{"start":{"line":2,"column":4},"end":{"line":5,"column":97}},"1":{"start":{"line":3,"column":8},"end":{"line":3,"column":44}},"2":{"start":{"line":5,"column":9},"end":{"line":5,"column":97}},"3":{"start":{"line":5,"column":49},"end":{"line":5,"column":87}}},"fnMap":{"0":{"name":"capitalizeString","decl":{"start":{"line":1,"column":16},"end":{"line":1,"column":32}},"loc":{"start":{"line":1,"column":38},"end":{"line":6,"column":1}},"line":1},"1":{"name":"(anonymous_1)","decl":{"start":{"line":5,"column":34},"end":{"line":5,"column":35}},"loc":{"start":{"line":5,"column":49},"end":{"line":5,"column":87}},"line":5}},"branchMap":{"0":{"loc":{"start":{"line":2,"column":4},"end":{"line":5,"column":97}},"type":"if","locations":[{"start":{"line":2,"column":4},"end":{"line":5,"column":97}},{"start":{"line":5,"column":9},"end":{"line":5,"column":97}}],"line":2},"1":{"loc":{"start":{"line":5,"column":49},"end":{"line":5,"column":87}},"type":"cond-expr","locations":[{"start":{"line":5,"column":58},"end":{"line":5,"column":78}},{"start":{"line":5,"column":81},"end":{"line":5,"column":87}}],"line":5}},"s":{"0":2,"1":1,"2":1,"3":4},"f":{"0":2,"1":4},"b":{"0":[1,1],"1":[1,3]},"_coverageSchema":"1a1c01bbd47fc00a2c39e90264f33305004495a9","hash":"526f21a46e44f25b622985bdc18b1cdb414e1d4b"}
}
