TN:
SF:task1.js
FN:1,stringLength
FNF:1
FNH:1
FNDA:2,stringLength
DA:2,2
DA:3,2
DA:4,1
LF:3
LH:3
BRDA:1,0,0,1
BRDA:3,1,0,1
BRDA:3,1,1,1
BRDA:3,2,0,2
BRDA:3,2,1,1
BRF:5
BRH:5
end_of_record
TN:
SF:task2.js
FN:1,reverseString
FNF:1
FNH:1
FNDA:1,reverseString
DA:2,1
LF:1
LH:1
BRF:0
BRH:0
end_of_record
TN:
SF:task3.js
FN:2,(anonymous_0)
FN:6,(anonymous_1)
FN:9,(anonymous_2)
FN:12,(anonymous_3)
FN:15,(anonymous_4)
FNF:5
FNH:5
FNDA:12,(anonymous_0)
FNDA:3,(anonymous_1)
FNDA:3,(anonymous_2)
FNDA:3,(anonymous_3)
FNDA:3,(anonymous_4)
DA:3,12
DA:4,12
DA:7,3
DA:10,3
DA:13,3
DA:16,3
LF:6
LH:6
BRF:0
BRH:0
end_of_record
TN:
SF:task4.js
FN:1,capitalizeString
FN:5,(anonymous_1)
FNF:2
FNH:2
FNDA:2,capitalizeString
FNDA:4,(anonymous_1)
DA:2,2
DA:3,1
DA:5,4
LF:3
LH:3
BRDA:2,0,0,1
BRDA:2,0,1,1
BRDA:5,1,0,1
BRDA:5,1,1,3
BRF:4
BRH:4
end_of_record
